<?xml version="1.0" encoding="UTF-8"?>
<testsuite xmlns:xsi="http://www.w3.org/2001/XMLSchema-instance" xsi:noNamespaceSchemaLocation="https://maven.apache.org/surefire/maven-surefire-plugin/xsd/surefire-test-report-3.0.xsd" version="3.0" name="HashTest" time="0.164" tests="4" errors="0" skipped="0" failures="1">
  <properties>
[...]
</properties>
  <testcase name="noRehashingNeeded" classname="HashTest" time="0.041">
    <system-out><![CDATA[HIHIHIHIHIHIHIHI
0
 0   Entry(key=299063613, value=C2d8ep0LBC)                                     null
 1                                     null                                     null
 0   Entry(key=492685187, value=xJ5ITeavS6)   Entry(key=299063613, value=C2d8ep0LBC)
 1                                     null                                     null
]]></system-out>
  </testcase>
  <testcase name="testGeneralFunctionality" classname="HashTest" time="0.0"/>
  <testcase name="oneTableNoRehashingNeeded" classname="HashTest" time="0.001">
    <system-out><![CDATA[HIHIHIHIHIHIHIHI
0
 0   Entry(key=299063613, value=C2d8ep0LBC)                                     null
 1                                     null                                     null
]]></system-out>
  </testcase>
  <testcase name="rehashingLikely" classname="HashTest" time="0.095">
    <failure message="Did not find key 299063613 with C2d8ep0LBC" type="java.lang.AssertionError"><![CDATA[java.lang.AssertionError: Did not find key 299063613 with C2d8ep0LBC
	at org.junit.Assert.fail(Assert.java:89)
	at kotlin.test.junit.JUnitAsserter.fail(JUnitSupport.kt:56)
	at kotlin.test.AssertionsKt__AssertionsKt.fail(Assertions.kt:562)
	at kotlin.test.AssertionsKt.fail(Unknown Source)
	at HashTest.insertAndLookupCheck(HashTest.kt:79)
	at HashTest.rehashingLikely(HashTest.kt:109)
	at java.base/jdk.internal.reflect.DirectMethodHandleAccessor.invoke(DirectMethodHandleAccessor.java:104)
	at java.base/java.lang.reflect.Method.invoke(Method.java:565)
	at org.junit.runners.model.FrameworkMethod$1.runReflectiveCall(FrameworkMethod.java:59)
	at org.junit.internal.runners.model.ReflectiveCallable.run(ReflectiveCallable.java:12)
	at org.junit.runners.model.FrameworkMethod.invokeExplosively(FrameworkMethod.java:56)
	at org.junit.internal.runners.statements.InvokeMethod.evaluate(InvokeMethod.java:17)
	at org.junit.runners.ParentRunner$3.evaluate(ParentRunner.java:306)
	at org.junit.runners.BlockJUnit4ClassRunner$1.evaluate(BlockJUnit4ClassRunner.java:100)
	at org.junit.runners.ParentRunner.runLeaf(ParentRunner.java:366)
	at org.junit.runners.BlockJUnit4ClassRunner.runChild(BlockJUnit4ClassRunner.java:103)
	at org.junit.runners.BlockJUnit4ClassRunner.runChild(BlockJUnit4ClassRunner.java:63)
	at org.junit.runners.ParentRunner$4.run(ParentRunner.java:331)
	at org.junit.runners.ParentRunner$1.schedule(ParentRunner.java:79)
	at org.junit.runners.ParentRunner.runChildren(ParentRunner.java:329)
	at org.junit.runners.ParentRunner.access$100(ParentRunner.java:66)
	at org.junit.runners.ParentRunner$2.evaluate(ParentRunner.java:293)
	at org.junit.runners.ParentRunner$3.evaluate(ParentRunner.java:306)
	at org.junit.runners.ParentRunner.run(ParentRunner.java:413)
	at org.apache.maven.surefire.junit4.JUnit4Provider.execute(JUnit4Provider.java:316)
	at org.apache.maven.surefire.junit4.JUnit4Provider.executeWithRerun(JUnit4Provider.java:240)
	at org.apache.maven.surefire.junit4.JUnit4Provider.executeTestSet(JUnit4Provider.java:214)
	at org.apache.maven.surefire.junit4.JUnit4Provider.invoke(JUnit4Provider.java:155)
	at org.apache.maven.surefire.booter.ForkedBooter.runSuitesInProcess(ForkedBooter.java:385)
	at org.apache.maven.surefire.booter.ForkedBooter.execute(ForkedBooter.java:162)
	at org.apache.maven.surefire.booter.ForkedBooter.run(ForkedBooter.java:507)
	at org.apache.maven.surefire.booter.ForkedBooter.main(ForkedBooter.java:495)
]]></failure>
    <system-out><![CDATA[HIHIHIHIHIHIHIHI
22
 0                                     null                                     null
 1                                     null                                     null
 2                                     null                                     null
 3                                     null                                     null
 4                                     null                                     null
 5                                     null                                     null
 6                                     null                                     null
 7                                     null                                     null
 8                                     null                                     null
 9                                     null                                     null
10                                     null                                     null
11                                     null                                     null
12   Entry(key=898931175, value=L8dXYR0WmZ)                                     null
13                                     null                                     null
14                                     null                                     null
15                                     null                                     null
16                                     null                                     null
17                                     null                                     null
18                                     null                                     null
19                                     null                                     null
20                                     null                                     null
21                                     null                                     null
22   Entry(key=299063613, value=C2d8ep0LBC)                                     null
23                                     null                                     null
24                                     null                                     null
25                                     null                                     null
26                                     null                                     null
27                                     null                                     null
28                                     null                                     null
29                                     null                                     null
30                                     null                                     null
31                                     null                                     null
32                                     null                                     null
33                                     null                                     null
34                                     null                                     null
35                                     null                                     null
36                                     null                                     null
37                                     null                                     null
38                                     null                                     null
39                                     null                                     null
40                                     null                                     null
41                                     null                                     null
42                                     null                                     null
43                                     null                                     null
44 Entry(key=-2127891373, value=Vczu9Ds4Nx)                                     null
45                                     null                                     null
46                                     null                                     null
47                                     null                                     null
48                                     null                                     null
49                                     null                                     null
 0                                     null                                     null
 1                                     null                                     null
 2                                     null                                     null
 3                                     null                                     null
 4                                     null                                     null
 5                                     null                                     null
 6                                     null                                     null
 7                                     null                                     null
 8                                     null                                     null
 9                                     null                                     null
10                                     null                                     null
11                                     null                                     null
12   Entry(key=898931175, value=L8dXYR0WmZ)                                     null
13                                     null                                     null
14                                     null                                     null
15                                     null                                     null
16                                     null                                     null
17                                     null                                     null
18                                     null                                     null
19                                     null                                     null
20                                     null                                     null
21                                     null                                     null
22   Entry(key=299063613, value=C2d8ep0LBC)                                     null
23                                     null                                     null
24                                     null                                     null
25                                     null                                     null
26                                     null                                     null
27                                     null                                     null
28                                     null                                     null
29                                     null                                     null
30                                     null                                     null
31                                     null                                     null
32                                     null                                     null
33                                     null                                     null
34                                     null                                     null
35                                     null                                     null
36                                     null                                     null
37                                     null                                     null
38                                     null                                     null
39                                     null                                     null
40                                     null                                     null
41                                     null                                     null
42   Entry(key=492685187, value=xJ5ITeavS6)                                     null
43                                     null                                     null
44 Entry(key=-2127891373, value=Vczu9Ds4Nx)                                     null
45                                     null                                     null
46                                     null                                     null
47                                     null                                     null
48                                     null                                     null
49                                     null                                     null
 0  Entry(key=-224564610, value=kfX0L21VZ4)                                     null
 1                                     null                                     null
 2                                     null                                     null
 3                                     null                                     null
 4                                     null                                     null
 5                                     null                                     null
 6                                     null                                     null
 7                                     null                                     null
 8                                     null                                     null
 9                                     null                                     null
10                                     null                                     null
11                                     null                                     null
12   Entry(key=898931175, value=L8dXYR0WmZ)                                     null
13                                     null                                     null
14                                     null                                     null
15                                     null                                     null
16                                     null                                     null
17                                     null                                     null
18                                     null                                     null
19                                     null                                     null
20                                     null                                     null
21                                     null                                     null
22   Entry(key=299063613, value=C2d8ep0LBC)                                     null
23                                     null                                     null
24                                     null                                     null
25                                     null                                     null
26                                     null                                     null
27                                     null                                     null
28                                     null                                     null
29                                     null                                     null
30                                     null                                     null
31                                     null                                     null
32                                     null                                     null
33                                     null                                     null
34                                     null                                     null
35                                     null                                     null
36                                     null                                     null
37                                     null                                     null
38                                     null                                     null
39                                     null                                     null
40                                     null                                     null
41                                     null                                     null
42   Entry(key=492685187, value=xJ5ITeavS6)                                     null
43                                     null                                     null
44 Entry(key=-2127891373, value=Vczu9Ds4Nx)                                     null
45                                     null                                     null
46                                     null                                     null
47                                     null                                     null
48                                     null                                     null
49                                     null                                     null
 0  Entry(key=-224564610, value=kfX0L21VZ4)                                     null
 1                                     null                                     null
 2                                     null                                     null
 3                                     null                                     null
 4                                     null                                     null
 5                                     null                                     null
 6                                     null                                     null
 7                                     null                                     null
 8                                     null                                     null
 9                                     null                                     null
10                                     null                                     null
11                                     null                                     null
12   Entry(key=898931175, value=L8dXYR0WmZ)                                     null
13                                     null                                     null
14                                     null                                     null
15                                     null                                     null
16                                     null                                     null
17                                     null                                     null
18                                     null                                     null
19                                     null                                     null
20                                     null                                     null
21                                     null                                     null
22   Entry(key=299063613, value=C2d8ep0LBC)   Entry(key=492685187, value=xJ5ITeavS6)
23                                     null                                     null
24                                     null                                     null
25                                     null                                     null
26                                     null                                     null
27                                     null                                     null
28                                     null                                     null
29                                     null                                     null
30                                     null                                     null
31                                     null                                     null
32                                     null                                     null
33                                     null                                     null
34                                     null                                     null
35                                     null                                     null
36                                     null                                     null
37                                     null                                     null
38                                     null                                     null
39                                     null                                     null
40                                     null                                     null
41                                     null                                     null
42   Entry(key=651747207, value=ulEYFAWDUZ)                                     null
43                                     null                                     null
44 Entry(key=-2127891373, value=Vczu9Ds4Nx)                                     null
45                                     null                                     null
46                                     null                                     null
47                                     null                                     null
48                                     null                                     null
49                                     null                                     null
 0  Entry(key=-224564610, value=kfX0L21VZ4)                                     null
 1                                     null                                     null
 2                                     null                                     null
 3                                     null                                     null
 4                                     null                                     null
 5                                     null                                     null
 6                                     null                                     null
 7                                     null                                     null
 8                                     null                                     null
 9                                     null                                     null
10                                     null                                     null
11                                     null                                     null
12   Entry(key=898931175, value=L8dXYR0WmZ)                                     null
13                                     null                                     null
14                                     null                                     null
15                                     null                                     null
16                                     null                                     null
17                                     null                                     null
18                                     null                                     null
19                                     null                                     null
20                                     null                                     null
21                                     null                                     null
22   Entry(key=299063613, value=C2d8ep0LBC)   Entry(key=492685187, value=xJ5ITeavS6)
23                                     null                                     null
24                                     null                                     null
25                                     null                                     null
26                                     null                                     null
27                                     null                                     null
28                                     null                                     null
29                                     null                                     null
30                                     null                                     null
31                                     null                                     null
32                                     null                                     null
33                                     null                                     null
34                                     null                                     null
35                                     null                                     null
36   Entry(key=913165557, value=zUEnTwGZxp)                                     null
37                                     null                                     null
38                                     null                                     null
39                                     null                                     null
40                                     null                                     null
41                                     null                                     null
42   Entry(key=651747207, value=ulEYFAWDUZ)                                     null
43                                     null                                     null
44 Entry(key=-2127891373, value=Vczu9Ds4Nx)                                     null
45                                     null                                     null
46                                     null                                     null
47                                     null                                     null
48                                     null                                     null
49                                     null                                     null
 0  Entry(key=-224564610, value=kfX0L21VZ4)                                     null
 1                                     null                                     null
 2                                     null                                     null
 3                                     null                                     null
 4                                     null                                     null
 5                                     null                                     null
 6                                     null                                     null
 7                                     null                                     null
 8                                     null   Entry(key=898931175, value=L8dXYR0WmZ)
 9                                     null                                     null
10                                     null                                     null
11                                     null                                     null
12  Entry(key=-645997074, value=03w8XQdPKG)                                     null
13                                     null                                     null
14                                     null                                     null
15                                     null                                     null
16                                     null                                     null
17                                     null                                     null
18                                     null                                     null
19                                     null                                     null
20                                     null                                     null
21                                     null                                     null
22   Entry(key=299063613, value=C2d8ep0LBC)   Entry(key=492685187, value=xJ5ITeavS6)
23                                     null                                     null
24                                     null                                     null
25                                     null                                     null
26                                     null                                     null
27                                     null                                     null
28                                     null                                     null
29                                     null                                     null
30                                     null                                     null
31                                     null                                     null
32                                     null                                     null
33                                     null                                     null
34                                     null                                     null
35                                     null                                     null
36   Entry(key=913165557, value=zUEnTwGZxp)                                     null
37                                     null                                     null
38                                     null                                     null
39                                     null                                     null
40                                     null                                     null
41                                     null                                     null
42   Entry(key=651747207, value=ulEYFAWDUZ)                                     null
43                                     null                                     null
44 Entry(key=-2127891373, value=Vczu9Ds4Nx)                                     null
45                                     null                                     null
46                                     null                                     null
47                                     null                                     null
48                                     null                                     null
49                                     null                                     null
 0  Entry(key=-224564610, value=kfX0L21VZ4)                                     null
 1                                     null                                     null
 2                                     null                                     null
 3                                     null                                     null
 4                                     null                                     null
 5                                     null                                     null
 6                                     null                                     null
 7                                     null                                     null
 8                                     null   Entry(key=898931175, value=L8dXYR0WmZ)
 9                                     null                                     null
10                                     null                                     null
11                                     null                                     null
12  Entry(key=-645997074, value=03w8XQdPKG)                                     null
13                                     null                                     null
14                                     null                                     null
15                                     null                                     null
16                                     null                                     null
17                                     null                                     null
18                                     null                                     null
19                                     null                                     null
20                                     null                                     null
21                                     null                                     null
22   Entry(key=299063613, value=C2d8ep0LBC)   Entry(key=492685187, value=xJ5ITeavS6)
23                                     null                                     null
24                                     null                                     null
25                                     null                                     null
26                                     null                                     null
27                                     null                                     null
28                                     null                                     null
29                                     null                                     null
30                                     null                                     null
31                                     null                                     null
32                                     null                                     null
33                                     null                                     null
34                                     null                                     null
35                                     null                                     null
36   Entry(key=913165557, value=zUEnTwGZxp)                                     null
37                                     null                                     null
38                                     null                                     null
39                                     null                                     null
40                                     null                                     null
41                                     null                                     null
42   Entry(key=651747207, value=ulEYFAWDUZ)                                     null
43                                     null                                     null
44 Entry(key=-2127891373, value=Vczu9Ds4Nx)                                     null
45                                     null                                     null
46                                     null                                     null
47                                     null                                     null
48 Entry(key=-2136580504, value=UxSwS0TtMC)                                     null
49                                     null                                     null
 0  Entry(key=-224564610, value=kfX0L21VZ4)                                     null
 1                                     null                                     null
 2                                     null                                     null
 3                                     null                                     null
 4                                     null                                     null
 5                                     null                                     null
 6                                     null                                     null
 7                                     null                                     null
 8                                     null   Entry(key=898931175, value=L8dXYR0WmZ)
 9                                     null                                     null
10                                     null                                     null
11                                     null                                     null
12  Entry(key=-645997074, value=03w8XQdPKG)                                     null
13                                     null                                     null
14                                     null                                     null
15                                     null                                     null
16                                     null                                     null
17                                     null                                     null
18                                     null                                     null
19                                     null                                     null
20                                     null                                     null
21                                     null                                     null
22   Entry(key=299063613, value=C2d8ep0LBC)   Entry(key=492685187, value=xJ5ITeavS6)
23                                     null                                     null
24                                     null                                     null
25                                     null                                     null
26                                     null                                     null
27                                     null                                     null
28                                     null                                     null
29                                     null                                     null
30  Entry(key=-828515118, value=Ob6fIOIK7I)                                     null
31                                     null                                     null
32                                     null                                     null
33                                     null                                     null
34                                     null                                     null
35                                     null                                     null
36   Entry(key=913165557, value=zUEnTwGZxp)                                     null
37                                     null                                     null
38                                     null                                     null
39                                     null                                     null
40                                     null                                     null
41                                     null                                     null
42   Entry(key=651747207, value=ulEYFAWDUZ)                                     null
43                                     null                                     null
44 Entry(key=-2127891373, value=Vczu9Ds4Nx)                                     null
45                                     null                                     null
46                                     null                                     null
47                                     null                                     null
48 Entry(key=-2136580504, value=UxSwS0TtMC)                                     null
49                                     null                                     null
 0  Entry(key=-224564610, value=kfX0L21VZ4)                                     null
 1                                     null                                     null
 2                                     null                                     null
 3                                     null                                     null
 4                                     null                                     null
 5                                     null                                     null
 6                                     null                                     null
 7                                     null                                     null
 8  Entry(key=-789064177, value=POupPOQmGe)   Entry(key=898931175, value=L8dXYR0WmZ)
 9                                     null                                     null
10                                     null                                     null
11                                     null                                     null
12  Entry(key=-645997074, value=03w8XQdPKG)                                     null
13                                     null                                     null
14                                     null                                     null
15                                     null                                     null
16                                     null                                     null
17                                     null                                     null
18                                     null                                     null
19                                     null                                     null
20                                     null                                     null
21                                     null                                     null
22   Entry(key=299063613, value=C2d8ep0LBC)   Entry(key=492685187, value=xJ5ITeavS6)
23                                     null                                     null
24                                     null                                     null
25                                     null                                     null
26                                     null                                     null
27                                     null                                     null
28                                     null                                     null
29                                     null                                     null
30  Entry(key=-828515118, value=Ob6fIOIK7I)                                     null
31                                     null                                     null
32                                     null                                     null
33                                     null                                     null
34                                     null                                     null
35                                     null                                     null
36   Entry(key=913165557, value=zUEnTwGZxp)                                     null
37                                     null                                     null
38                                     null                                     null
39                                     null                                     null
40                                     null                                     null
41                                     null                                     null
42   Entry(key=651747207, value=ulEYFAWDUZ)                                     null
43                                     null                                     null
44 Entry(key=-2127891373, value=Vczu9Ds4Nx)                                     null
45                                     null                                     null
46                                     null                                     null
47                                     null                                     null
48 Entry(key=-2136580504, value=UxSwS0TtMC)                                     null
49                                     null                                     null
 0  Entry(key=-224564610, value=kfX0L21VZ4)                                     null
 1                                     null                                     null
 2                                     null                                     null
 3                                     null                                     null
 4                                     null                                     null
 5                                     null                                     null
 6                                     null                                     null
 7                                     null                                     null
 8  Entry(key=-789064177, value=POupPOQmGe)   Entry(key=898931175, value=L8dXYR0WmZ)
 9                                     null                                     null
10                                     null                                     null
11                                     null                                     null
12  Entry(key=-645997074, value=03w8XQdPKG)                                     null
13                                     null                                     null
14                                     null                                     null
15                                     null                                     null
16                                     null                                     null
17                                     null                                     null
18                                     null                                     null
19                                     null                                     null
20                                     null                                     null
21                                     null                                     null
22   Entry(key=299063613, value=C2d8ep0LBC)   Entry(key=492685187, value=xJ5ITeavS6)
23                                     null                                     null
24                                     null                                     null
25                                     null                                     null
26                                     null                                     null
27                                     null                                     null
28                                     null                                     null
29                                     null                                     null
30  Entry(key=-828515118, value=Ob6fIOIK7I)                                     null
31                                     null                                     null
32                                     null                                     null
33                                     null                                     null
34  Entry(key=2126475992, value=KXKKHbLkM8)                                     null
35                                     null                                     null
36   Entry(key=913165557, value=zUEnTwGZxp)                                     null
37                                     null                                     null
38                                     null                                     null
39                                     null                                     null
40                                     null                                     null
41                                     null                                     null
42   Entry(key=651747207, value=ulEYFAWDUZ)                                     null
43                                     null                                     null
44 Entry(key=-2127891373, value=Vczu9Ds4Nx)                                     null
45                                     null                                     null
46                                     null                                     null
47                                     null                                     null
48 Entry(key=-2136580504, value=UxSwS0TtMC)                                     null
49                                     null                                     null
 0  Entry(key=-224564610, value=kfX0L21VZ4)  Entry(key=-789064177, value=POupPOQmGe)
 1                                     null                                     null
 2                                     null                                     null
 3                                     null                                     null
 4                                     null                                     null
 5                                     null                                     null
 6                                     null                                     null
 7                                     null                                     null
 8   Entry(key=-25376034, value=WlbCUngZAx)   Entry(key=898931175, value=L8dXYR0WmZ)
 9                                     null                                     null
10                                     null                                     null
11                                     null                                     null
12  Entry(key=-645997074, value=03w8XQdPKG)                                     null
13                                     null                                     null
14                                     null                                     null
15                                     null                                     null
16                                     null                                     null
17                                     null                                     null
18                                     null                                     null
19                                     null                                     null
20                                     null                                     null
21                                     null                                     null
22   Entry(key=299063613, value=C2d8ep0LBC)   Entry(key=492685187, value=xJ5ITeavS6)
23                                     null                                     null
24                                     null                                     null
25                                     null                                     null
26                                     null                                     null
27                                     null                                     null
28                                     null                                     null
29                                     null                                     null
30  Entry(key=-828515118, value=Ob6fIOIK7I)                                     null
31                                     null                                     null
32                                     null                                     null
33                                     null                                     null
34  Entry(key=2126475992, value=KXKKHbLkM8)                                     null
35                                     null                                     null
36   Entry(key=913165557, value=zUEnTwGZxp)                                     null
37                                     null                                     null
38                                     null                                     null
39                                     null                                     null
40                                     null                                     null
41                                     null                                     null
42   Entry(key=651747207, value=ulEYFAWDUZ)                                     null
43                                     null                                     null
44 Entry(key=-2127891373, value=Vczu9Ds4Nx)                                     null
45                                     null                                     null
46                                     null                                     null
47                                     null                                     null
48 Entry(key=-2136580504, value=UxSwS0TtMC)                                     null
49                                     null                                     null
 0  Entry(key=-224564610, value=kfX0L21VZ4)  Entry(key=-789064177, value=POupPOQmGe)
 1                                     null                                     null
 2                                     null  Entry(key=2126475992, value=KXKKHbLkM8)
 3                                     null                                     null
 4                                     null                                     null
 5                                     null                                     null
 6                                     null                                     null
 7                                     null                                     null
 8   Entry(key=-25376034, value=WlbCUngZAx)   Entry(key=898931175, value=L8dXYR0WmZ)
 9                                     null                                     null
10                                     null                                     null
11                                     null                                     null
12  Entry(key=-645997074, value=03w8XQdPKG)                                     null
13                                     null                                     null
14                                     null                                     null
15                                     null                                     null
16                                     null                                     null
17                                     null                                     null
18                                     null                                     null
19                                     null                                     null
20                                     null                                     null
21                                     null                                     null
22   Entry(key=299063613, value=C2d8ep0LBC)   Entry(key=492685187, value=xJ5ITeavS6)
23                                     null                                     null
24                                     null                                     null
25                                     null                                     null
26                                     null                                     null
27                                     null                                     null
28                                     null                                     null
29                                     null                                     null
30  Entry(key=-828515118, value=Ob6fIOIK7I)                                     null
31                                     null                                     null
32                                     null                                     null
33                                     null                                     null
34  Entry(key=1814829322, value=br9qn0AXep)                                     null
35                                     null                                     null
36   Entry(key=913165557, value=zUEnTwGZxp)                                     null
37                                     null                                     null
38                                     null                                     null
39                                     null                                     null
40                                     null                                     null
41                                     null                                     null
42   Entry(key=651747207, value=ulEYFAWDUZ)                                     null
43                                     null                                     null
44 Entry(key=-2127891373, value=Vczu9Ds4Nx)                                     null
45                                     null                                     null
46                                     null                                     null
47                                     null                                     null
48 Entry(key=-2136580504, value=UxSwS0TtMC)                                     null
49                                     null                                     null
 0  Entry(key=-224564610, value=kfX0L21VZ4)  Entry(key=-789064177, value=POupPOQmGe)
 1                                     null                                     null
 2                                     null  Entry(key=2126475992, value=KXKKHbLkM8)
 3                                     null                                     null
 4                                     null                                     null
 5                                     null                                     null
 6                                     null                                     null
 7                                     null                                     null
 8 Entry(key=-2119889791, value=B0v0Y16C6e)   Entry(key=898931175, value=L8dXYR0WmZ)
 9                                     null                                     null
10                                     null                                     null
11                                     null                                     null
12  Entry(key=-645997074, value=03w8XQdPKG)   Entry(key=-25376034, value=WlbCUngZAx)
13                                     null                                     null
14                                     null                                     null
15                                     null                                     null
16                                     null                                     null
17                                     null                                     null
18                                     null                                     null
19                                     null                                     null
20                                     null                                     null
21                                     null                                     null
22   Entry(key=299063613, value=C2d8ep0LBC)   Entry(key=492685187, value=xJ5ITeavS6)
23                                     null                                     null
24                                     null                                     null
25                                     null                                     null
26                                     null                                     null
27                                     null                                     null
28                                     null                                     null
29                                     null                                     null
30  Entry(key=-828515118, value=Ob6fIOIK7I)                                     null
31                                     null                                     null
32                                     null                                     null
33                                     null                                     null
34  Entry(key=1814829322, value=br9qn0AXep)                                     null
35                                     null                                     null
36   Entry(key=913165557, value=zUEnTwGZxp)                                     null
37                                     null                                     null
38                                     null                                     null
39                                     null                                     null
40                                     null                                     null
41                                     null                                     null
42   Entry(key=651747207, value=ulEYFAWDUZ)                                     null
43                                     null                                     null
44 Entry(key=-2127891373, value=Vczu9Ds4Nx)                                     null
45                                     null                                     null
46                                     null                                     null
47                                     null                                     null
48 Entry(key=-2136580504, value=UxSwS0TtMC)                                     null
49                                     null                                     null
 0  Entry(key=-224564610, value=kfX0L21VZ4)  Entry(key=-789064177, value=POupPOQmGe)
 1                                     null                                     null
 2                                     null  Entry(key=2126475992, value=KXKKHbLkM8)
 3                                     null                                     null
 4                                     null                                     null
 5                                     null                                     null
 6                                     null                                     null
 7                                     null                                     null
 8 Entry(key=-2119889791, value=B0v0Y16C6e)   Entry(key=898931175, value=L8dXYR0WmZ)
 9                                     null                                     null
10                                     null                                     null
11                                     null                                     null
12  Entry(key=-645997074, value=03w8XQdPKG)   Entry(key=-25376034, value=WlbCUngZAx)
13                                     null                                     null
14                                     null                                     null
15                                     null                                     null
16                                     null                                     null
17                                     null                                     null
18                                     null                                     null
19                                     null                                     null
20                                     null                                     null
21                                     null                                     null
22   Entry(key=299063613, value=C2d8ep0LBC)   Entry(key=492685187, value=xJ5ITeavS6)
23                                     null                                     null
24                                     null                                     null
25                                     null                                     null
26   Entry(key=206463059, value=sHkzgbo2m9)                                     null
27                                     null                                     null
28                                     null                                     null
29                                     null                                     null
30  Entry(key=-828515118, value=Ob6fIOIK7I)                                     null
31                                     null                                     null
32                                     null                                     null
33                                     null                                     null
34  Entry(key=1814829322, value=br9qn0AXep)                                     null
35                                     null                                     null
36   Entry(key=913165557, value=zUEnTwGZxp)                                     null
37                                     null                                     null
38                                     null                                     null
39                                     null                                     null
40                                     null                                     null
41                                     null                                     null
42   Entry(key=651747207, value=ulEYFAWDUZ)                                     null
43                                     null                                     null
44 Entry(key=-2127891373, value=Vczu9Ds4Nx)                                     null
45                                     null                                     null
46                                     null                                     null
47                                     null                                     null
48 Entry(key=-2136580504, value=UxSwS0TtMC)                                     null
49                                     null                                     null
 0  Entry(key=-224564610, value=kfX0L21VZ4)  Entry(key=-789064177, value=POupPOQmGe)
 1                                     null                                     null
 2                                     null  Entry(key=2126475992, value=KXKKHbLkM8)
 3                                     null                                     null
 4                                     null                                     null
 5                                     null                                     null
 6                                     null                                     null
 7                                     null                                     null
 8 Entry(key=-2119889791, value=B0v0Y16C6e)   Entry(key=898931175, value=L8dXYR0WmZ)
 9                                     null                                     null
10                                     null                                     null
11                                     null                                     null
12  Entry(key=-645997074, value=03w8XQdPKG)   Entry(key=-25376034, value=WlbCUngZAx)
13                                     null                                     null
14                                     null                                     null
15                                     null                                     null
16                                     null                                     null
17                                     null                                     null
18                                     null                                     null
19                                     null                                     null
20                                     null                                     null
21                                     null                                     null
22  Entry(key=2127380316, value=wpRSB2LdWY)   Entry(key=299063613, value=C2d8ep0LBC)
23                                     null                                     null
24                                     null                                     null
25                                     null                                     null
26   Entry(key=206463059, value=sHkzgbo2m9)                                     null
27                                     null                                     null
28                                     null                                     null
29                                     null                                     null
30  Entry(key=-828515118, value=Ob6fIOIK7I)                                     null
31                                     null                                     null
32                                     null                                     null
33                                     null                                     null
34  Entry(key=1814829322, value=br9qn0AXep)                                     null
35                                     null                                     null
36   Entry(key=913165557, value=zUEnTwGZxp)                                     null
37                                     null                                     null
38                                     null                                     null
39                                     null                                     null
40                                     null                                     null
41                                     null                                     null
42   Entry(key=651747207, value=ulEYFAWDUZ)                                     null
43                                     null                                     null
44 Entry(key=-2127891373, value=Vczu9Ds4Nx)                                     null
45                                     null                                     null
46                                     null                                     null
47                                     null                                     null
48 Entry(key=-2136580504, value=UxSwS0TtMC)                                     null
49                                     null                                     null
 0                                     null                                     null
 1                                     null                                     null
 2                                     null                                     null
 3                                     null                                     null
 4                                     null                                     null
 5                                     null                                     null
 6                                     null                                     null
 7                                     null                                     null
 8                                     null                                     null
 9                                     null                                     null
10                                     null                                     null
11                                     null                                     null
12                                     null                                     null
13                                     null                                     null
14                                     null                                     null
15                                     null                                     null
16                                     null                                     null
17                                     null                                     null
18                                     null                                     null
19                                     null                                     null
20                                     null                                     null
21   Entry(key=492685187, value=xJ5ITeavS6)                                     null
22                                     null                                     null
23                                     null                                     null
24                                     null                                     null
25                                     null                                     null
26                                     null                                     null
27                                     null                                     null
28                                     null                                     null
29                                     null                                     null
30                                     null                                     null
31                                     null                                     null
32                                     null                                     null
33                                     null                                     null
34                                     null                                     null
35                                     null                                     null
36                                     null                                     null
37                                     null                                     null
38                                     null                                     null
39                                     null                                     null
40                                     null                                     null
41                                     null                                     null
42                                     null                                     null
43                                     null                                     null
44                                     null                                     null
45                                     null                                     null
46                                     null                                     null
47                                     null                                     null
48                                     null                                     null
49                                     null                                     null
 0                                     null                                     null
 1                                     null                                     null
 2                                     null                                     null
 3                                     null                                     null
 4                                     null                                     null
 5                                     null                                     null
 6                                     null                                     null
 7                                     null                                     null
 8                                     null                                     null
 9                                     null                                     null
10                                     null                                     null
11                                     null                                     null
12                                     null                                     null
13                                     null                                     null
14                                     null                                     null
15                                     null                                     null
16                                     null                                     null
17                                     null                                     null
18                                     null                                     null
19                                     null                                     null
20                                     null                                     null
21   Entry(key=492685187, value=xJ5ITeavS6)                                     null
22                                     null                                     null
23                                     null                                     null
24                                     null                                     null
25                                     null                                     null
26                                     null                                     null
27                                     null                                     null
28                                     null                                     null
29                                     null                                     null
30                                     null                                     null
31                                     null                                     null
32                                     null                                     null
33                                     null                                     null
34                                     null                                     null
35                                     null                                     null
36  Entry(key=-224564610, value=kfX0L21VZ4)                                     null
37                                     null                                     null
38                                     null                                     null
39                                     null                                     null
40                                     null                                     null
41                                     null                                     null
42                                     null                                     null
43                                     null                                     null
44                                     null                                     null
45                                     null                                     null
46                                     null                                     null
47                                     null                                     null
48                                     null                                     null
49                                     null                                     null
 0                                     null                                     null
 1                                     null                                     null
 2                                     null                                     null
 3                                     null                                     null
 4                                     null                                     null
 5 Entry(key=-2119889791, value=B0v0Y16C6e)                                     null
 6                                     null                                     null
 7                                     null                                     null
 8                                     null                                     null
 9                                     null                                     null
10                                     null                                     null
11                                     null                                     null
12                                     null                                     null
13                                     null                                     null
14                                     null                                     null
15                                     null                                     null
16                                     null                                     null
17                                     null                                     null
18                                     null                                     null
19                                     null                                     null
20                                     null                                     null
21   Entry(key=492685187, value=xJ5ITeavS6)                                     null
22                                     null                                     null
23                                     null                                     null
24                                     null                                     null
25                                     null                                     null
26                                     null                                     null
27                                     null                                     null
28                                     null                                     null
29                                     null                                     null
30                                     null                                     null
31                                     null                                     null
32                                     null                                     null
33                                     null                                     null
34                                     null                                     null
35                                     null                                     null
36  Entry(key=-224564610, value=kfX0L21VZ4)                                     null
37                                     null                                     null
38                                     null                                     null
39                                     null                                     null
40                                     null                                     null
41                                     null                                     null
42                                     null                                     null
43                                     null                                     null
[...]
16                                     null                                     null
17   Entry(key=492685187, value=xJ5ITeavS6) Entry(key=-2127891373, value=Vczu9Ds4Nx)
18                                     null                                     null
19   Entry(key=206463059, value=sHkzgbo2m9)                                     null
20                                     null                                     null
21                                     null                                     null
22  Entry(key=1814829322, value=br9qn0AXep)                                     null
23                                     null                                     null
24 Entry(key=-2136580504, value=UxSwS0TtMC)                                     null
25                                     null                                     null
26                                     null                                     null
27                                     null                                     null
28                                     null                                     null
29                                     null                                     null
30                                     null                                     null
31  Entry(key=-789064177, value=POupPOQmGe)                                     null
32                                     null                                     null
33                                     null                                     null
34  Entry(key=-645997074, value=03w8XQdPKG)                                     null
35                                     null                                     null
36                                     null                                     null
37                                     null                                     null
38   Entry(key=-25376034, value=WlbCUngZAx)  Entry(key=2126475992, value=KXKKHbLkM8)
39                                     null                                     null
40                                     null                                     null
41   Entry(key=651747207, value=ulEYFAWDUZ)                                     null
42                                     null                                     null
43                                     null                                     null
44                                     null                                     null
45                                     null                                     null
46                                     null                                     null
47                                     null                                     null
48                                     null                                     null
49                                     null                                     null
 0  Entry(key=-224564610, value=kfX0L21VZ4)                                     null
 1                                     null                                     null
 2                                     null                                     null
 3   Entry(key=913165557, value=zUEnTwGZxp)                                     null
 4  Entry(key=-828515118, value=Ob6fIOIK7I)                                     null
 5   Entry(key=898931175, value=L8dXYR0WmZ)                                     null
 6  Entry(key=2127380316, value=wpRSB2LdWY)                                     null
 7                                     null                                     null
 8                                     null                                     null
 9                                     null                                     null
10                                     null                                     null
11   Entry(key=833463657, value=Rphf8YbeQO)                                     null
12                                     null                                     null
13                                     null Entry(key=-2119889791, value=B0v0Y16C6e)
14                                     null                                     null
15                                     null                                     null
16                                     null                                     null
17   Entry(key=492685187, value=xJ5ITeavS6) Entry(key=-2127891373, value=Vczu9Ds4Nx)
18                                     null                                     null
19   Entry(key=206463059, value=sHkzgbo2m9)                                     null
20                                     null                                     null
21                                     null                                     null
22  Entry(key=1814829322, value=br9qn0AXep)                                     null
23                                     null                                     null
24 Entry(key=-2136580504, value=UxSwS0TtMC)                                     null
25                                     null                                     null
26                                     null                                     null
27                                     null                                     null
28                                     null                                     null
29                                     null                                     null
30                                     null                                     null
31  Entry(key=-789064177, value=POupPOQmGe)                                     null
32                                     null                                     null
33                                     null                                     null
34  Entry(key=-645997074, value=03w8XQdPKG)                                     null
35                                     null                                     null
36                                     null                                     null
37                                     null                                     null
38   Entry(key=-25376034, value=WlbCUngZAx)  Entry(key=2126475992, value=KXKKHbLkM8)
39                                     null                                     null
40                                     null                                     null
41   Entry(key=651747207, value=ulEYFAWDUZ)                                     null
42                                     null                                     null
43                                     null                                     null
44                                     null                                     null
45                                     null                                     null
46                                     null                                     null
47                                     null                                     null
48                                     null                                     null
49                                     null                                     null
 0  Entry(key=-224564610, value=kfX0L21VZ4)                                     null
 1                                     null                                     null
 2                                     null                                     null
 3   Entry(key=913165557, value=zUEnTwGZxp)                                     null
 4  Entry(key=-828515118, value=Ob6fIOIK7I)                                     null
 5   Entry(key=898931175, value=L8dXYR0WmZ)                                     null
 6  Entry(key=2127380316, value=wpRSB2LdWY)                                     null
 7                                     null                                     null
 8                                     null                                     null
 9                                     null                                     null
10                                     null                                     null
11   Entry(key=833463657, value=Rphf8YbeQO)                                     null
12                                     null                                     null
13                                     null Entry(key=-2119889791, value=B0v0Y16C6e)
14                                     null                                     null
15                                     null                                     null
16                                     null                                     null
17   Entry(key=492685187, value=xJ5ITeavS6) Entry(key=-2127891373, value=Vczu9Ds4Nx)
18                                     null                                     null
19   Entry(key=206463059, value=sHkzgbo2m9)                                     null
20                                     null                                     null
21                                     null                                     null
22  Entry(key=1814829322, value=br9qn0AXep)                                     null
23                                     null                                     null
24 Entry(key=-2136580504, value=UxSwS0TtMC)                                     null
25                                     null                                     null
26                                     null                                     null
27                                     null                                     null
28                                     null                                     null
29                                     null                                     null
30   Entry(key=-88630200, value=fEjDZvAR5U)                                     null
31  Entry(key=-789064177, value=POupPOQmGe)                                     null
32                                     null                                     null
33                                     null                                     null
34  Entry(key=-645997074, value=03w8XQdPKG)                                     null
35                                     null                                     null
36                                     null                                     null
37                                     null                                     null
38   Entry(key=-25376034, value=WlbCUngZAx)  Entry(key=2126475992, value=KXKKHbLkM8)
39                                     null                                     null
40                                     null                                     null
41   Entry(key=651747207, value=ulEYFAWDUZ)                                     null
42                                     null                                     null
43                                     null                                     null
44                                     null                                     null
45                                     null                                     null
46                                     null                                     null
47                                     null                                     null
48                                     null                                     null
49                                     null                                     null
 0  Entry(key=-224564610, value=kfX0L21VZ4)                                     null
 1                                     null                                     null
 2                                     null                                     null
 3   Entry(key=913165557, value=zUEnTwGZxp)                                     null
 4  Entry(key=-828515118, value=Ob6fIOIK7I)                                     null
 5   Entry(key=898931175, value=L8dXYR0WmZ)                                     null
 6  Entry(key=2127380316, value=wpRSB2LdWY)                                     null
 7                                     null                                     null
 8                                     null                                     null
 9                                     null                                     null
10                                     null                                     null
11   Entry(key=833463657, value=Rphf8YbeQO)                                     null
12                                     null                                     null
13                                     null Entry(key=-2119889791, value=B0v0Y16C6e)
14                                     null                                     null
15                                     null                                     null
16                                     null                                     null
17   Entry(key=492685187, value=xJ5ITeavS6) Entry(key=-2127891373, value=Vczu9Ds4Nx)
18                                     null                                     null
19   Entry(key=206463059, value=sHkzgbo2m9)                                     null
20                                     null                                     null
21                                     null                                     null
22  Entry(key=1814829322, value=br9qn0AXep)                                     null
23                                     null                                     null
24 Entry(key=-2136580504, value=UxSwS0TtMC)                                     null
25                                     null                                     null
26                                     null                                     null
27                                     null                                     null
28                                     null                                     null
29                                     null                                     null
30   Entry(key=-88630200, value=fEjDZvAR5U)                                     null
31  Entry(key=-789064177, value=POupPOQmGe)                                     null
32                                     null                                     null
33                                     null                                     null
34  Entry(key=-645997074, value=03w8XQdPKG)                                     null
35                                     null                                     null
36                                     null                                     null
37                                     null                                     null
38   Entry(key=-25376034, value=WlbCUngZAx)  Entry(key=2126475992, value=KXKKHbLkM8)
39                                     null                                     null
40                                     null                                     null
41   Entry(key=651747207, value=ulEYFAWDUZ)                                     null
42                                     null                                     null
43                                     null                                     null
44                                     null                                     null
45   Entry(key=-53776527, value=YAANXVnpTu)                                     null
46                                     null                                     null
47                                     null                                     null
48                                     null                                     null
49                                     null                                     null
 0  Entry(key=-224564610, value=kfX0L21VZ4)                                     null
 1                                     null                                     null
 2                                     null                                     null
 3   Entry(key=913165557, value=zUEnTwGZxp)                                     null
 4  Entry(key=-828515118, value=Ob6fIOIK7I)                                     null
 5   Entry(key=898931175, value=L8dXYR0WmZ)                                     null
 6  Entry(key=2127380316, value=wpRSB2LdWY)                                     null
 7                                     null                                     null
 8                                     null                                     null
 9                                     null                                     null
10                                     null                                     null
11   Entry(key=833463657, value=Rphf8YbeQO)                                     null
12                                     null                                     null
13                                     null Entry(key=-2119889791, value=B0v0Y16C6e)
14                                     null                                     null
15                                     null                                     null
16                                     null                                     null
17   Entry(key=492685187, value=xJ5ITeavS6) Entry(key=-2127891373, value=Vczu9Ds4Nx)
18                                     null                                     null
19   Entry(key=206463059, value=sHkzgbo2m9)                                     null
20                                     null                                     null
21                                     null                                     null
22  Entry(key=1814829322, value=br9qn0AXep)                                     null
23                                     null                                     null
24 Entry(key=-2136580504, value=UxSwS0TtMC)                                     null
25                                     null                                     null
26                                     null                                     null
27                                     null                                     null
28                                     null                                     null
29                                     null                                     null
30   Entry(key=-88630200, value=fEjDZvAR5U)                                     null
31  Entry(key=-789064177, value=POupPOQmGe)                                     null
32                                     null                                     null
33                                     null                                     null
34  Entry(key=-645997074, value=03w8XQdPKG)                                     null
35                                     null                                     null
36                                     null                                     null
37                                     null                                     null
38   Entry(key=-25376034, value=WlbCUngZAx)  Entry(key=2126475992, value=KXKKHbLkM8)
39                                     null                                     null
40                                     null                                     null
41   Entry(key=651747207, value=ulEYFAWDUZ)                                     null
42                                     null                                     null
43                                     null                                     null
44                                     null                                     null
45   Entry(key=-53776527, value=YAANXVnpTu)                                     null
46                                     null                                     null
47                                     null                                     null
48                                     null                                     null
49                                     null                                     null
]]></system-out>
  </testcase>
</testsuite>